login/build/intermediates/manifest_merge_blame_file/debug/manifest-merger-blame-debug-report.txt
1<?xml version="1.0" encoding="utf-8"?>
2<manifest xmlns:android="http://schemas.android.com/apk/res/android"
3    package="com.xa.login" >
4
5    <uses-sdk
6        android:minSdkVersion="21"
6-->main/manifest/AndroidManifest.xml
7        android:targetSdkVersion="32" />
7-->main/manifest/AndroidManifest.xml
8
9    <application
9-->main/manifest/AndroidManifest.xml:5:5-21:19
10        android:allowBackup="true"
10-->main/manifest/AndroidManifest.xml:6:9-35
11        android:icon="@mipmap/ic_launcher"
11-->main/manifest/AndroidManifest.xml:7:9-43
12        android:label="@string/app_name"
12-->main/manifest/AndroidManifest.xml:8:9-41
13        android:roundIcon="@mipmap/ic_launcher_round"
13-->main/manifest/AndroidManifest.xml:9:9-54
14        android:supportsRtl="true"
14-->main/manifest/AndroidManifest.xml:10:9-35
15        android:theme="@style/Theme.MyModular" >
15-->main/manifest/AndroidManifest.xml:11:9-47
16        <activity
16-->main/manifest/AndroidManifest.xml:12:9-20:20
17            android:name="com.xa.login.LoginActivity2"
17-->main/manifest/AndroidManifest.xml:13:13-43
18            android:exported="true" >
18-->main/manifest/AndroidManifest.xml:14:13-36
19            <intent-filter>
19-->main/manifest/AndroidManifest.xml:15:13-19:29
20                <action android:name="android.intent.action.MAIN" />
20-->main/manifest/AndroidManifest.xml:16:17-69
20-->main/manifest/AndroidManifest.xml:16:25-66
21
22                <category android:name="android.intent.category.LAUNCHER" />
22-->main/manifest/AndroidManifest.xml:18:17-77
22-->main/manifest/AndroidManifest.xml:18:27-74
23            </intent-filter>
24        </activity>
25    </application>
26
27</manifest>